<?xml version="1.0" encoding="UTF-8"?>
<testsuite name="api.Tagtest" tests="1" skipped="0" failures="0" errors="0" timestamp="2017-10-13T02:27:54" hostname="dhcp-nyc-80.redrover.cornell.edu" time="0.797">
  <properties/>
  <testcase name="TagTest" classname="api.Tagtest" time="0.797"/>
  <system-out><![CDATA[22:27:54.333 [Test worker] DEBUG org.hibernate.validator.internal.engine.resolver.DefaultTraversableResolver - Cannot find javax.persistence.Persistence on classpath. Assuming non JPA 2 environment. All properties will per default be traversable.
22:27:54.334 [Test worker] DEBUG org.hibernate.validator.internal.engine.ConfigurationImpl - Setting custom ParameterNameProvider of type io.dropwizard.jersey.validation.JerseyParameterNameProvider
22:27:54.334 [Test worker] DEBUG org.hibernate.validator.internal.xml.ValidationXmlParser - Trying to load META-INF/validation.xml for XML based Validator configuration.
22:27:54.334 [Test worker] DEBUG org.hibernate.validator.internal.xml.ResourceLoaderHelper - Trying to load META-INF/validation.xml via TCCL
22:27:54.335 [Test worker] DEBUG org.hibernate.validator.internal.xml.ResourceLoaderHelper - Trying to load META-INF/validation.xml via Hibernate Validator's class loader
22:27:54.337 [Test worker] DEBUG org.hibernate.validator.internal.xml.ValidationXmlParser - No META-INF/validation.xml found. Using annotation based configuration only.
22:27:54.789 [Test worker] DEBUG org.hibernate.validator.internal.metadata.provider.TypeAnnotationAwareMetaDataProvider - HV000188: Parameterized type with more than one argument is not supported: org.jooq.Row3<java.lang.Integer, java.lang.Integer, java.lang.String>
22:27:54.790 [Test worker] DEBUG org.hibernate.validator.internal.metadata.provider.TypeAnnotationAwareMetaDataProvider - HV000188: Parameterized type with more than one argument is not supported: org.jooq.Row3<java.lang.Integer, java.lang.Integer, java.lang.String>
22:27:54.793 [Test worker] DEBUG org.hibernate.validator.internal.metadata.provider.TypeAnnotationAwareMetaDataProvider - HV000188: Parameterized type with more than one argument is not supported: org.jooq.Record3<T1, T2, T3>
22:27:54.794 [Test worker] DEBUG org.hibernate.validator.internal.metadata.provider.TypeAnnotationAwareMetaDataProvider - HV000188: Parameterized type with more than one argument is not supported: org.jooq.Record3<T1, T2, T3>
22:27:54.795 [Test worker] DEBUG org.hibernate.validator.internal.metadata.provider.TypeAnnotationAwareMetaDataProvider - HV000188: Parameterized type with more than one argument is not supported: org.jooq.Record3<T1, T2, T3>
22:27:54.796 [Test worker] DEBUG org.hibernate.validator.internal.metadata.provider.TypeAnnotationAwareMetaDataProvider - HV000188: Parameterized type with more than one argument is not supported: org.jooq.Row3<T1, T2, T3>
22:27:54.796 [Test worker] DEBUG org.hibernate.validator.internal.metadata.provider.TypeAnnotationAwareMetaDataProvider - HV000188: Parameterized type with more than one argument is not supported: org.jooq.Row3<T1, T2, T3>
22:27:54.797 [Test worker] DEBUG org.hibernate.validator.internal.metadata.provider.TypeAnnotationAwareMetaDataProvider - HV000188: Parameterized type with more than one argument is not supported: org.jooq.Record3<T1, T2, T3>
22:27:54.829 [Test worker] DEBUG org.hibernate.validator.internal.metadata.provider.TypeAnnotationAwareMetaDataProvider - HV000188: Parameterized type with more than one argument is not supported: org.jooq.Converter<?, ? extends U>
22:27:54.832 [Test worker] DEBUG org.hibernate.validator.internal.metadata.provider.TypeAnnotationAwareMetaDataProvider - HV000188: Parameterized type with more than one argument is not supported: org.jooq.Converter<? super T, ? extends U>
22:27:54.834 [Test worker] DEBUG org.hibernate.validator.internal.metadata.provider.TypeAnnotationAwareMetaDataProvider - HV000188: Parameterized type with more than one argument is not supported: org.jooq.Converter<?, ? extends U>
22:27:54.835 [Test worker] DEBUG org.hibernate.validator.internal.metadata.provider.TypeAnnotationAwareMetaDataProvider - HV000188: Parameterized type with more than one argument is not supported: org.jooq.Converter<?, ? extends U>
22:27:54.842 [Test worker] DEBUG org.hibernate.validator.internal.metadata.provider.TypeAnnotationAwareMetaDataProvider - HV000188: Parameterized type with more than one argument is not supported: org.jooq.Converter<? super T, ? extends U>
22:27:54.844 [Test worker] DEBUG org.hibernate.validator.internal.metadata.provider.TypeAnnotationAwareMetaDataProvider - HV000188: Parameterized type with more than one argument is not supported: org.jooq.Converter<? super T, ? extends U>
22:27:54.845 [Test worker] DEBUG org.hibernate.validator.internal.metadata.provider.TypeAnnotationAwareMetaDataProvider - HV000188: Parameterized type with more than one argument is not supported: org.jooq.Converter<?, ? extends U>
22:27:54.847 [Test worker] DEBUG org.hibernate.validator.internal.metadata.provider.TypeAnnotationAwareMetaDataProvider - HV000188: Parameterized type with more than one argument is not supported: org.jooq.Converter<?, ? extends U>
22:27:54.849 [Test worker] DEBUG org.hibernate.validator.internal.metadata.provider.TypeAnnotationAwareMetaDataProvider - HV000188: Parameterized type with more than one argument is not supported: org.jooq.Converter<?, ? extends U>
22:27:54.851 [Test worker] DEBUG org.hibernate.validator.internal.metadata.provider.TypeAnnotationAwareMetaDataProvider - HV000188: Parameterized type with more than one argument is not supported: org.jooq.Converter<?, ? extends U>
22:27:54.853 [Test worker] DEBUG org.hibernate.validator.internal.metadata.provider.TypeAnnotationAwareMetaDataProvider - HV000188: Parameterized type with more than one argument is not supported: org.jooq.Converter<?, ? extends U>
22:27:54.857 [Test worker] DEBUG org.hibernate.validator.internal.metadata.provider.TypeAnnotationAwareMetaDataProvider - HV000188: Parameterized type with more than one argument is not supported: org.jooq.Converter<? extends T, ? super U>
22:27:54.859 [Test worker] DEBUG org.hibernate.validator.internal.metadata.provider.TypeAnnotationAwareMetaDataProvider - HV000188: Parameterized type with more than one argument is not supported: org.jooq.Converter<? extends T, ? super U>
22:27:54.861 [Test worker] DEBUG org.hibernate.validator.internal.metadata.provider.TypeAnnotationAwareMetaDataProvider - HV000188: Parameterized type with more than one argument is not supported: org.jooq.RecordMapper<org.jooq.Record, E>
22:27:54.865 [Test worker] DEBUG org.hibernate.validator.internal.metadata.provider.TypeAnnotationAwareMetaDataProvider - HV000188: Parameterized type with more than one argument is not supported: org.jooq.Converter<? extends T, ? super U>
22:27:54.869 [Test worker] DEBUG org.hibernate.validator.internal.metadata.provider.TypeAnnotationAwareMetaDataProvider - HV000188: Parameterized type with more than one argument is not supported: org.jooq.Record7<T1, T2, T3, T4, T5, T6, T7>
22:27:54.872 [Test worker] DEBUG org.hibernate.validator.internal.metadata.provider.TypeAnnotationAwareMetaDataProvider - HV000188: Parameterized type with more than one argument is not supported: org.jooq.Record6<T1, T2, T3, T4, T5, T6>
22:27:54.874 [Test worker] DEBUG org.hibernate.validator.internal.metadata.provider.TypeAnnotationAwareMetaDataProvider - HV000188: Parameterized type with more than one argument is not supported: org.jooq.Record5<T1, T2, T3, T4, T5>
22:27:54.875 [Test worker] DEBUG org.hibernate.validator.internal.metadata.provider.TypeAnnotationAwareMetaDataProvider - HV000188: Parameterized type with more than one argument is not supported: org.jooq.Record8<T1, T2, T3, T4, T5, T6, T7, T8>
22:27:54.878 [Test worker] DEBUG org.hibernate.validator.internal.metadata.provider.TypeAnnotationAwareMetaDataProvider - HV000188: Parameterized type with more than one argument is not supported: org.jooq.Record9<T1, T2, T3, T4, T5, T6, T7, T8, T9>
22:27:54.880 [Test worker] DEBUG org.hibernate.validator.internal.metadata.provider.TypeAnnotationAwareMetaDataProvider - HV000188: Parameterized type with more than one argument is not supported: org.jooq.Record2<T1, T2>
22:27:54.881 [Test worker] DEBUG org.hibernate.validator.internal.metadata.provider.TypeAnnotationAwareMetaDataProvider - HV000188: Parameterized type with more than one argument is not supported: org.jooq.Record3<T1, T2, T3>
22:27:54.882 [Test worker] DEBUG org.hibernate.validator.internal.metadata.provider.TypeAnnotationAwareMetaDataProvider - HV000188: Parameterized type with more than one argument is not supported: org.jooq.Record4<T1, T2, T3, T4>
22:27:54.886 [Test worker] DEBUG org.hibernate.validator.internal.metadata.provider.TypeAnnotationAwareMetaDataProvider - HV000188: Parameterized type with more than one argument is not supported: org.jooq.Record17<T1, T2, T3, T4, T5, T6, T7, T8, T9, T10, T11, T12, T13, T14, T15, T16, T17>
22:27:54.888 [Test worker] DEBUG org.hibernate.validator.internal.metadata.provider.TypeAnnotationAwareMetaDataProvider - HV000188: Parameterized type with more than one argument is not supported: org.jooq.Record16<T1, T2, T3, T4, T5, T6, T7, T8, T9, T10, T11, T12, T13, T14, T15, T16>
22:27:54.893 [Test worker] DEBUG org.hibernate.validator.internal.metadata.provider.TypeAnnotationAwareMetaDataProvider - HV000188: Parameterized type with more than one argument is not supported: org.jooq.Record15<T1, T2, T3, T4, T5, T6, T7, T8, T9, T10, T11, T12, T13, T14, T15>
22:27:54.894 [Test worker] DEBUG org.hibernate.validator.internal.metadata.provider.TypeAnnotationAwareMetaDataProvider - HV000188: Parameterized type with more than one argument is not supported: org.jooq.Record14<T1, T2, T3, T4, T5, T6, T7, T8, T9, T10, T11, T12, T13, T14>
22:27:54.897 [Test worker] DEBUG org.hibernate.validator.internal.metadata.provider.TypeAnnotationAwareMetaDataProvider - HV000188: Parameterized type with more than one argument is not supported: org.jooq.Record18<T1, T2, T3, T4, T5, T6, T7, T8, T9, T10, T11, T12, T13, T14, T15, T16, T17, T18>
22:27:54.899 [Test worker] DEBUG org.hibernate.validator.internal.metadata.provider.TypeAnnotationAwareMetaDataProvider - HV000188: Parameterized type with more than one argument is not supported: org.jooq.Record19<T1, T2, T3, T4, T5, T6, T7, T8, T9, T10, T11, T12, T13, T14, T15, T16, T17, T18, T19>
22:27:54.902 [Test worker] DEBUG org.hibernate.validator.internal.metadata.provider.TypeAnnotationAwareMetaDataProvider - HV000188: Parameterized type with more than one argument is not supported: org.jooq.Record20<T1, T2, T3, T4, T5, T6, T7, T8, T9, T10, T11, T12, T13, T14, T15, T16, T17, T18, T19, T20>
22:27:54.906 [Test worker] DEBUG org.hibernate.validator.internal.metadata.provider.TypeAnnotationAwareMetaDataProvider - HV000188: Parameterized type with more than one argument is not supported: org.jooq.Record21<T1, T2, T3, T4, T5, T6, T7, T8, T9, T10, T11, T12, T13, T14, T15, T16, T17, T18, T19, T20, T21>
22:27:54.908 [Test worker] DEBUG org.hibernate.validator.internal.metadata.provider.TypeAnnotationAwareMetaDataProvider - HV000188: Parameterized type with more than one argument is not supported: org.jooq.Record22<T1, T2, T3, T4, T5, T6, T7, T8, T9, T10, T11, T12, T13, T14, T15, T16, T17, T18, T19, T20, T21, T22>
22:27:54.909 [Test worker] DEBUG org.hibernate.validator.internal.metadata.provider.TypeAnnotationAwareMetaDataProvider - HV000188: Parameterized type with more than one argument is not supported: org.jooq.Record10<T1, T2, T3, T4, T5, T6, T7, T8, T9, T10>
22:27:54.911 [Test worker] DEBUG org.hibernate.validator.internal.metadata.provider.TypeAnnotationAwareMetaDataProvider - HV000188: Parameterized type with more than one argument is not supported: org.jooq.Record11<T1, T2, T3, T4, T5, T6, T7, T8, T9, T10, T11>
22:27:54.912 [Test worker] DEBUG org.hibernate.validator.internal.metadata.provider.TypeAnnotationAwareMetaDataProvider - HV000188: Parameterized type with more than one argument is not supported: org.jooq.Record12<T1, T2, T3, T4, T5, T6, T7, T8, T9, T10, T11, T12>
22:27:54.914 [Test worker] DEBUG org.hibernate.validator.internal.metadata.provider.TypeAnnotationAwareMetaDataProvider - HV000188: Parameterized type with more than one argument is not supported: org.jooq.Record13<T1, T2, T3, T4, T5, T6, T7, T8, T9, T10, T11, T12, T13>
22:27:54.921 [Test worker] DEBUG org.hibernate.validator.internal.metadata.provider.TypeAnnotationAwareMetaDataProvider - HV000188: Parameterized type with more than one argument is not supported: org.jooq.ForeignKey<R, O>
22:27:54.924 [Test worker] DEBUG org.hibernate.validator.internal.metadata.provider.TypeAnnotationAwareMetaDataProvider - HV000188: Parameterized type with more than one argument is not supported: org.jooq.Converter<? extends T, ? super U>
22:27:54.926 [Test worker] DEBUG org.hibernate.validator.internal.metadata.provider.TypeAnnotationAwareMetaDataProvider - HV000188: Parameterized type with more than one argument is not supported: org.jooq.ForeignKey<R, O>
22:27:54.927 [Test worker] DEBUG org.hibernate.validator.internal.metadata.provider.TypeAnnotationAwareMetaDataProvider - HV000188: Parameterized type with more than one argument is not supported: org.jooq.Converter<? extends T, ? super U>
22:27:54.930 [Test worker] DEBUG org.hibernate.validator.internal.metadata.provider.TypeAnnotationAwareMetaDataProvider - HV000188: Parameterized type with more than one argument is not supported: org.jooq.Converter<?, ? extends U>
22:27:54.931 [Test worker] DEBUG org.hibernate.validator.internal.metadata.provider.TypeAnnotationAwareMetaDataProvider - HV000188: Parameterized type with more than one argument is not supported: org.jooq.Converter<? super T, ? extends U>
22:27:54.933 [Test worker] DEBUG org.hibernate.validator.internal.metadata.provider.TypeAnnotationAwareMetaDataProvider - HV000188: Parameterized type with more than one argument is not supported: org.jooq.Converter<?, ? extends U>
22:27:54.934 [Test worker] DEBUG org.hibernate.validator.internal.metadata.provider.TypeAnnotationAwareMetaDataProvider - HV000188: Parameterized type with more than one argument is not supported: org.jooq.Converter<?, ? extends U>
22:27:54.934 [Test worker] DEBUG org.hibernate.validator.internal.metadata.provider.TypeAnnotationAwareMetaDataProvider - HV000188: Parameterized type with more than one argument is not supported: org.jooq.Converter<? super T, ? extends U>
22:27:54.937 [Test worker] DEBUG org.hibernate.validator.internal.metadata.provider.TypeAnnotationAwareMetaDataProvider - HV000188: Parameterized type with more than one argument is not supported: org.jooq.Converter<?, ? extends U>
22:27:54.939 [Test worker] DEBUG org.hibernate.validator.internal.metadata.provider.TypeAnnotationAwareMetaDataProvider - HV000188: Parameterized type with more than one argument is not supported: org.jooq.Converter<?, ? extends U>
22:27:54.941 [Test worker] DEBUG org.hibernate.validator.internal.metadata.provider.TypeAnnotationAwareMetaDataProvider - HV000188: Parameterized type with more than one argument is not supported: org.jooq.Converter<?, ? extends U>
22:27:54.942 [Test worker] DEBUG org.hibernate.validator.internal.metadata.provider.TypeAnnotationAwareMetaDataProvider - HV000188: Parameterized type with more than one argument is not supported: org.jooq.Converter<? super T, ? extends U>
22:27:54.944 [Test worker] DEBUG org.hibernate.validator.internal.metadata.provider.TypeAnnotationAwareMetaDataProvider - HV000188: Parameterized type with more than one argument is not supported: org.jooq.Converter<?, ? extends U>
22:27:54.945 [Test worker] DEBUG org.hibernate.validator.internal.metadata.provider.TypeAnnotationAwareMetaDataProvider - HV000188: Parameterized type with more than one argument is not supported: org.jooq.Converter<?, ? extends U>
22:27:54.946 [Test worker] DEBUG org.hibernate.validator.internal.metadata.provider.TypeAnnotationAwareMetaDataProvider - HV000188: Parameterized type with more than one argument is not supported: org.jooq.Converter<? extends T, ? super U>
22:27:54.947 [Test worker] DEBUG org.hibernate.validator.internal.metadata.provider.TypeAnnotationAwareMetaDataProvider - HV000188: Parameterized type with more than one argument is not supported: org.jooq.Converter<? extends T, ? super U>
22:27:54.949 [Test worker] DEBUG org.hibernate.validator.internal.metadata.provider.TypeAnnotationAwareMetaDataProvider - HV000188: Parameterized type with more than one argument is not supported: org.jooq.RecordMapper<org.jooq.Record, E>
22:27:54.951 [Test worker] DEBUG org.hibernate.validator.internal.metadata.provider.TypeAnnotationAwareMetaDataProvider - HV000188: Parameterized type with more than one argument is not supported: org.jooq.Converter<? extends T, ? super U>
22:27:54.953 [Test worker] DEBUG org.hibernate.validator.internal.metadata.provider.TypeAnnotationAwareMetaDataProvider - HV000188: Parameterized type with more than one argument is not supported: org.jooq.Record6<T1, T2, T3, T4, T5, T6>
22:27:54.955 [Test worker] DEBUG org.hibernate.validator.internal.metadata.provider.TypeAnnotationAwareMetaDataProvider - HV000188: Parameterized type with more than one argument is not supported: org.jooq.Record7<T1, T2, T3, T4, T5, T6, T7>
22:27:54.956 [Test worker] DEBUG org.hibernate.validator.internal.metadata.provider.TypeAnnotationAwareMetaDataProvider - HV000188: Parameterized type with more than one argument is not supported: org.jooq.Record20<T1, T2, T3, T4, T5, T6, T7, T8, T9, T10, T11, T12, T13, T14, T15, T16, T17, T18, T19, T20>
22:27:54.960 [Test worker] DEBUG org.hibernate.validator.internal.metadata.provider.TypeAnnotationAwareMetaDataProvider - HV000188: Parameterized type with more than one argument is not supported: org.jooq.Record19<T1, T2, T3, T4, T5, T6, T7, T8, T9, T10, T11, T12, T13, T14, T15, T16, T17, T18, T19>
22:27:54.961 [Test worker] DEBUG org.hibernate.validator.internal.metadata.provider.TypeAnnotationAwareMetaDataProvider - HV000188: Parameterized type with more than one argument is not supported: org.jooq.Record18<T1, T2, T3, T4, T5, T6, T7, T8, T9, T10, T11, T12, T13, T14, T15, T16, T17, T18>
22:27:54.963 [Test worker] DEBUG org.hibernate.validator.internal.metadata.provider.TypeAnnotationAwareMetaDataProvider - HV000188: Parameterized type with more than one argument is not supported: org.jooq.Record17<T1, T2, T3, T4, T5, T6, T7, T8, T9, T10, T11, T12, T13, T14, T15, T16, T17>
22:27:54.963 [Test worker] DEBUG org.hibernate.validator.internal.metadata.provider.TypeAnnotationAwareMetaDataProvider - HV000188: Parameterized type with more than one argument is not supported: org.jooq.Record4<T1, T2, T3, T4>
22:27:54.965 [Test worker] DEBUG org.hibernate.validator.internal.metadata.provider.TypeAnnotationAwareMetaDataProvider - HV000188: Parameterized type with more than one argument is not supported: org.jooq.Record5<T1, T2, T3, T4, T5>
22:27:54.967 [Test worker] DEBUG org.hibernate.validator.internal.metadata.provider.TypeAnnotationAwareMetaDataProvider - HV000188: Parameterized type with more than one argument is not supported: org.jooq.Record22<T1, T2, T3, T4, T5, T6, T7, T8, T9, T10, T11, T12, T13, T14, T15, T16, T17, T18, T19, T20, T21, T22>
22:27:54.968 [Test worker] DEBUG org.hibernate.validator.internal.metadata.provider.TypeAnnotationAwareMetaDataProvider - HV000188: Parameterized type with more than one argument is not supported: org.jooq.Record12<T1, T2, T3, T4, T5, T6, T7, T8, T9, T10, T11, T12>
22:27:54.968 [Test worker] DEBUG org.hibernate.validator.internal.metadata.provider.TypeAnnotationAwareMetaDataProvider - HV000188: Parameterized type with more than one argument is not supported: org.jooq.Record11<T1, T2, T3, T4, T5, T6, T7, T8, T9, T10, T11>
22:27:54.969 [Test worker] DEBUG org.hibernate.validator.internal.metadata.provider.TypeAnnotationAwareMetaDataProvider - HV000188: Parameterized type with more than one argument is not supported: org.jooq.Record10<T1, T2, T3, T4, T5, T6, T7, T8, T9, T10>
22:27:54.974 [Test worker] DEBUG org.hibernate.validator.internal.metadata.provider.TypeAnnotationAwareMetaDataProvider - HV000188: Parameterized type with more than one argument is not supported: org.jooq.Record9<T1, T2, T3, T4, T5, T6, T7, T8, T9>
22:27:54.975 [Test worker] DEBUG org.hibernate.validator.internal.metadata.provider.TypeAnnotationAwareMetaDataProvider - HV000188: Parameterized type with more than one argument is not supported: org.jooq.Record8<T1, T2, T3, T4, T5, T6, T7, T8>
22:27:54.976 [Test worker] DEBUG org.hibernate.validator.internal.metadata.provider.TypeAnnotationAwareMetaDataProvider - HV000188: Parameterized type with more than one argument is not supported: org.jooq.Record16<T1, T2, T3, T4, T5, T6, T7, T8, T9, T10, T11, T12, T13, T14, T15, T16>
22:27:54.978 [Test worker] DEBUG org.hibernate.validator.internal.metadata.provider.TypeAnnotationAwareMetaDataProvider - HV000188: Parameterized type with more than one argument is not supported: org.jooq.Record15<T1, T2, T3, T4, T5, T6, T7, T8, T9, T10, T11, T12, T13, T14, T15>
22:27:54.979 [Test worker] DEBUG org.hibernate.validator.internal.metadata.provider.TypeAnnotationAwareMetaDataProvider - HV000188: Parameterized type with more than one argument is not supported: org.jooq.Record14<T1, T2, T3, T4, T5, T6, T7, T8, T9, T10, T11, T12, T13, T14>
22:27:54.980 [Test worker] DEBUG org.hibernate.validator.internal.metadata.provider.TypeAnnotationAwareMetaDataProvider - HV000188: Parameterized type with more than one argument is not supported: org.jooq.Record13<T1, T2, T3, T4, T5, T6, T7, T8, T9, T10, T11, T12, T13>
22:27:54.980 [Test worker] DEBUG org.hibernate.validator.internal.metadata.provider.TypeAnnotationAwareMetaDataProvider - HV000188: Parameterized type with more than one argument is not supported: org.jooq.Record2<T1, T2>
22:27:54.981 [Test worker] DEBUG org.hibernate.validator.internal.metadata.provider.TypeAnnotationAwareMetaDataProvider - HV000188: Parameterized type with more than one argument is not supported: org.jooq.Record3<T1, T2, T3>
22:27:54.982 [Test worker] DEBUG org.hibernate.validator.internal.metadata.provider.TypeAnnotationAwareMetaDataProvider - HV000188: Parameterized type with more than one argument is not supported: org.jooq.Record21<T1, T2, T3, T4, T5, T6, T7, T8, T9, T10, T11, T12, T13, T14, T15, T16, T17, T18, T19, T20, T21>
]]></system-out>
  <system-err><![CDATA[]]></system-err>
</testsuite>
