<?xml version="1.0" encoding="UTF-8"?>
<testsuite name="api.Tagtest" tests="1" skipped="0" failures="0" errors="0" timestamp="2017-10-13T02:24:37" hostname="dhcp-nyc-80.redrover.cornell.edu" time="1.038">
  <properties/>
  <testcase name="TagTest" classname="api.Tagtest" time="1.038"/>
  <system-out><![CDATA[22:24:37.715 [Test worker] DEBUG org.hibernate.validator.internal.engine.resolver.DefaultTraversableResolver - Cannot find javax.persistence.Persistence on classpath. Assuming non JPA 2 environment. All properties will per default be traversable.
22:24:37.717 [Test worker] DEBUG org.hibernate.validator.internal.engine.ConfigurationImpl - Setting custom ParameterNameProvider of type io.dropwizard.jersey.validation.JerseyParameterNameProvider
22:24:37.718 [Test worker] DEBUG org.hibernate.validator.internal.xml.ValidationXmlParser - Trying to load META-INF/validation.xml for XML based Validator configuration.
22:24:37.718 [Test worker] DEBUG org.hibernate.validator.internal.xml.ResourceLoaderHelper - Trying to load META-INF/validation.xml via TCCL
22:24:37.721 [Test worker] DEBUG org.hibernate.validator.internal.xml.ResourceLoaderHelper - Trying to load META-INF/validation.xml via Hibernate Validator's class loader
22:24:37.724 [Test worker] DEBUG org.hibernate.validator.internal.xml.ValidationXmlParser - No META-INF/validation.xml found. Using annotation based configuration only.
22:24:38.247 [Test worker] DEBUG org.hibernate.validator.internal.metadata.provider.TypeAnnotationAwareMetaDataProvider - HV000188: Parameterized type with more than one argument is not supported: org.jooq.Row3<java.lang.Integer, java.lang.Integer, java.lang.String>
22:24:38.248 [Test worker] DEBUG org.hibernate.validator.internal.metadata.provider.TypeAnnotationAwareMetaDataProvider - HV000188: Parameterized type with more than one argument is not supported: org.jooq.Row3<java.lang.Integer, java.lang.Integer, java.lang.String>
22:24:38.292 [Test worker] DEBUG org.hibernate.validator.internal.metadata.provider.TypeAnnotationAwareMetaDataProvider - HV000188: Parameterized type with more than one argument is not supported: org.jooq.Record3<T1, T2, T3>
22:24:38.294 [Test worker] DEBUG org.hibernate.validator.internal.metadata.provider.TypeAnnotationAwareMetaDataProvider - HV000188: Parameterized type with more than one argument is not supported: org.jooq.Row3<T1, T2, T3>
22:24:38.299 [Test worker] DEBUG org.hibernate.validator.internal.metadata.provider.TypeAnnotationAwareMetaDataProvider - HV000188: Parameterized type with more than one argument is not supported: org.jooq.Record3<T1, T2, T3>
22:24:38.302 [Test worker] DEBUG org.hibernate.validator.internal.metadata.provider.TypeAnnotationAwareMetaDataProvider - HV000188: Parameterized type with more than one argument is not supported: org.jooq.Row3<T1, T2, T3>
22:24:38.308 [Test worker] DEBUG org.hibernate.validator.internal.metadata.provider.TypeAnnotationAwareMetaDataProvider - HV000188: Parameterized type with more than one argument is not supported: org.jooq.Record3<T1, T2, T3>
22:24:38.308 [Test worker] DEBUG org.hibernate.validator.internal.metadata.provider.TypeAnnotationAwareMetaDataProvider - HV000188: Parameterized type with more than one argument is not supported: org.jooq.Record3<T1, T2, T3>
22:24:38.456 [Test worker] DEBUG org.hibernate.validator.internal.metadata.provider.TypeAnnotationAwareMetaDataProvider - HV000188: Parameterized type with more than one argument is not supported: org.jooq.Converter<? super T, ? extends U>
22:24:38.457 [Test worker] DEBUG org.hibernate.validator.internal.metadata.provider.TypeAnnotationAwareMetaDataProvider - HV000188: Parameterized type with more than one argument is not supported: org.jooq.Converter<?, ? extends U>
22:24:38.459 [Test worker] DEBUG org.hibernate.validator.internal.metadata.provider.TypeAnnotationAwareMetaDataProvider - HV000188: Parameterized type with more than one argument is not supported: org.jooq.Converter<?, ? extends U>
22:24:38.460 [Test worker] DEBUG org.hibernate.validator.internal.metadata.provider.TypeAnnotationAwareMetaDataProvider - HV000188: Parameterized type with more than one argument is not supported: org.jooq.Converter<?, ? extends U>
22:24:38.462 [Test worker] DEBUG org.hibernate.validator.internal.metadata.provider.TypeAnnotationAwareMetaDataProvider - HV000188: Parameterized type with more than one argument is not supported: org.jooq.Converter<?, ? extends U>
22:24:38.465 [Test worker] DEBUG org.hibernate.validator.internal.metadata.provider.TypeAnnotationAwareMetaDataProvider - HV000188: Parameterized type with more than one argument is not supported: org.jooq.Converter<?, ? extends U>
22:24:38.468 [Test worker] DEBUG org.hibernate.validator.internal.metadata.provider.TypeAnnotationAwareMetaDataProvider - HV000188: Parameterized type with more than one argument is not supported: org.jooq.Converter<?, ? extends U>
22:24:38.470 [Test worker] DEBUG org.hibernate.validator.internal.metadata.provider.TypeAnnotationAwareMetaDataProvider - HV000188: Parameterized type with more than one argument is not supported: org.jooq.Converter<? super T, ? extends U>
22:24:38.471 [Test worker] DEBUG org.hibernate.validator.internal.metadata.provider.TypeAnnotationAwareMetaDataProvider - HV000188: Parameterized type with more than one argument is not supported: org.jooq.Converter<? super T, ? extends U>
22:24:38.474 [Test worker] DEBUG org.hibernate.validator.internal.metadata.provider.TypeAnnotationAwareMetaDataProvider - HV000188: Parameterized type with more than one argument is not supported: org.jooq.Converter<?, ? extends U>
22:24:38.476 [Test worker] DEBUG org.hibernate.validator.internal.metadata.provider.TypeAnnotationAwareMetaDataProvider - HV000188: Parameterized type with more than one argument is not supported: org.jooq.Converter<?, ? extends U>
22:24:38.479 [Test worker] DEBUG org.hibernate.validator.internal.metadata.provider.TypeAnnotationAwareMetaDataProvider - HV000188: Parameterized type with more than one argument is not supported: org.jooq.Converter<? extends T, ? super U>
22:24:38.480 [Test worker] DEBUG org.hibernate.validator.internal.metadata.provider.TypeAnnotationAwareMetaDataProvider - HV000188: Parameterized type with more than one argument is not supported: org.jooq.Converter<? extends T, ? super U>
22:24:38.482 [Test worker] DEBUG org.hibernate.validator.internal.metadata.provider.TypeAnnotationAwareMetaDataProvider - HV000188: Parameterized type with more than one argument is not supported: org.jooq.RecordMapper<org.jooq.Record, E>
22:24:38.485 [Test worker] DEBUG org.hibernate.validator.internal.metadata.provider.TypeAnnotationAwareMetaDataProvider - HV000188: Parameterized type with more than one argument is not supported: org.jooq.Converter<? extends T, ? super U>
22:24:38.488 [Test worker] DEBUG org.hibernate.validator.internal.metadata.provider.TypeAnnotationAwareMetaDataProvider - HV000188: Parameterized type with more than one argument is not supported: org.jooq.Record3<T1, T2, T3>
22:24:38.489 [Test worker] DEBUG org.hibernate.validator.internal.metadata.provider.TypeAnnotationAwareMetaDataProvider - HV000188: Parameterized type with more than one argument is not supported: org.jooq.Record4<T1, T2, T3, T4>
22:24:38.490 [Test worker] DEBUG org.hibernate.validator.internal.metadata.provider.TypeAnnotationAwareMetaDataProvider - HV000188: Parameterized type with more than one argument is not supported: org.jooq.Record9<T1, T2, T3, T4, T5, T6, T7, T8, T9>
22:24:38.491 [Test worker] DEBUG org.hibernate.validator.internal.metadata.provider.TypeAnnotationAwareMetaDataProvider - HV000188: Parameterized type with more than one argument is not supported: org.jooq.Record2<T1, T2>
22:24:38.498 [Test worker] DEBUG org.hibernate.validator.internal.metadata.provider.TypeAnnotationAwareMetaDataProvider - HV000188: Parameterized type with more than one argument is not supported: org.jooq.Record22<T1, T2, T3, T4, T5, T6, T7, T8, T9, T10, T11, T12, T13, T14, T15, T16, T17, T18, T19, T20, T21, T22>
22:24:38.500 [Test worker] DEBUG org.hibernate.validator.internal.metadata.provider.TypeAnnotationAwareMetaDataProvider - HV000188: Parameterized type with more than one argument is not supported: org.jooq.Record5<T1, T2, T3, T4, T5>
22:24:38.502 [Test worker] DEBUG org.hibernate.validator.internal.metadata.provider.TypeAnnotationAwareMetaDataProvider - HV000188: Parameterized type with more than one argument is not supported: org.jooq.Record14<T1, T2, T3, T4, T5, T6, T7, T8, T9, T10, T11, T12, T13, T14>
22:24:38.505 [Test worker] DEBUG org.hibernate.validator.internal.metadata.provider.TypeAnnotationAwareMetaDataProvider - HV000188: Parameterized type with more than one argument is not supported: org.jooq.Record13<T1, T2, T3, T4, T5, T6, T7, T8, T9, T10, T11, T12, T13>
22:24:38.510 [Test worker] DEBUG org.hibernate.validator.internal.metadata.provider.TypeAnnotationAwareMetaDataProvider - HV000188: Parameterized type with more than one argument is not supported: org.jooq.Record16<T1, T2, T3, T4, T5, T6, T7, T8, T9, T10, T11, T12, T13, T14, T15, T16>
22:24:38.512 [Test worker] DEBUG org.hibernate.validator.internal.metadata.provider.TypeAnnotationAwareMetaDataProvider - HV000188: Parameterized type with more than one argument is not supported: org.jooq.Record17<T1, T2, T3, T4, T5, T6, T7, T8, T9, T10, T11, T12, T13, T14, T15, T16, T17>
22:24:38.514 [Test worker] DEBUG org.hibernate.validator.internal.metadata.provider.TypeAnnotationAwareMetaDataProvider - HV000188: Parameterized type with more than one argument is not supported: org.jooq.Record18<T1, T2, T3, T4, T5, T6, T7, T8, T9, T10, T11, T12, T13, T14, T15, T16, T17, T18>
22:24:38.517 [Test worker] DEBUG org.hibernate.validator.internal.metadata.provider.TypeAnnotationAwareMetaDataProvider - HV000188: Parameterized type with more than one argument is not supported: org.jooq.Record19<T1, T2, T3, T4, T5, T6, T7, T8, T9, T10, T11, T12, T13, T14, T15, T16, T17, T18, T19>
22:24:38.526 [Test worker] DEBUG org.hibernate.validator.internal.metadata.provider.TypeAnnotationAwareMetaDataProvider - HV000188: Parameterized type with more than one argument is not supported: org.jooq.Record20<T1, T2, T3, T4, T5, T6, T7, T8, T9, T10, T11, T12, T13, T14, T15, T16, T17, T18, T19, T20>
22:24:38.528 [Test worker] DEBUG org.hibernate.validator.internal.metadata.provider.TypeAnnotationAwareMetaDataProvider - HV000188: Parameterized type with more than one argument is not supported: org.jooq.Record15<T1, T2, T3, T4, T5, T6, T7, T8, T9, T10, T11, T12, T13, T14, T15>
22:24:38.531 [Test worker] DEBUG org.hibernate.validator.internal.metadata.provider.TypeAnnotationAwareMetaDataProvider - HV000188: Parameterized type with more than one argument is not supported: org.jooq.Record21<T1, T2, T3, T4, T5, T6, T7, T8, T9, T10, T11, T12, T13, T14, T15, T16, T17, T18, T19, T20, T21>
22:24:38.533 [Test worker] DEBUG org.hibernate.validator.internal.metadata.provider.TypeAnnotationAwareMetaDataProvider - HV000188: Parameterized type with more than one argument is not supported: org.jooq.Record6<T1, T2, T3, T4, T5, T6>
22:24:38.534 [Test worker] DEBUG org.hibernate.validator.internal.metadata.provider.TypeAnnotationAwareMetaDataProvider - HV000188: Parameterized type with more than one argument is not supported: org.jooq.Record8<T1, T2, T3, T4, T5, T6, T7, T8>
22:24:38.535 [Test worker] DEBUG org.hibernate.validator.internal.metadata.provider.TypeAnnotationAwareMetaDataProvider - HV000188: Parameterized type with more than one argument is not supported: org.jooq.Record7<T1, T2, T3, T4, T5, T6, T7>
22:24:38.537 [Test worker] DEBUG org.hibernate.validator.internal.metadata.provider.TypeAnnotationAwareMetaDataProvider - HV000188: Parameterized type with more than one argument is not supported: org.jooq.Record10<T1, T2, T3, T4, T5, T6, T7, T8, T9, T10>
22:24:38.538 [Test worker] DEBUG org.hibernate.validator.internal.metadata.provider.TypeAnnotationAwareMetaDataProvider - HV000188: Parameterized type with more than one argument is not supported: org.jooq.Record12<T1, T2, T3, T4, T5, T6, T7, T8, T9, T10, T11, T12>
22:24:38.539 [Test worker] DEBUG org.hibernate.validator.internal.metadata.provider.TypeAnnotationAwareMetaDataProvider - HV000188: Parameterized type with more than one argument is not supported: org.jooq.Record11<T1, T2, T3, T4, T5, T6, T7, T8, T9, T10, T11>
22:24:38.549 [Test worker] DEBUG org.hibernate.validator.internal.metadata.provider.TypeAnnotationAwareMetaDataProvider - HV000188: Parameterized type with more than one argument is not supported: org.jooq.Converter<? extends T, ? super U>
22:24:38.550 [Test worker] DEBUG org.hibernate.validator.internal.metadata.provider.TypeAnnotationAwareMetaDataProvider - HV000188: Parameterized type with more than one argument is not supported: org.jooq.ForeignKey<R, O>
22:24:38.552 [Test worker] DEBUG org.hibernate.validator.internal.metadata.provider.TypeAnnotationAwareMetaDataProvider - HV000188: Parameterized type with more than one argument is not supported: org.jooq.Converter<? extends T, ? super U>
22:24:38.553 [Test worker] DEBUG org.hibernate.validator.internal.metadata.provider.TypeAnnotationAwareMetaDataProvider - HV000188: Parameterized type with more than one argument is not supported: org.jooq.ForeignKey<R, O>
22:24:38.557 [Test worker] DEBUG org.hibernate.validator.internal.metadata.provider.TypeAnnotationAwareMetaDataProvider - HV000188: Parameterized type with more than one argument is not supported: org.jooq.Converter<?, ? extends U>
22:24:38.558 [Test worker] DEBUG org.hibernate.validator.internal.metadata.provider.TypeAnnotationAwareMetaDataProvider - HV000188: Parameterized type with more than one argument is not supported: org.jooq.Converter<? super T, ? extends U>
22:24:38.559 [Test worker] DEBUG org.hibernate.validator.internal.metadata.provider.TypeAnnotationAwareMetaDataProvider - HV000188: Parameterized type with more than one argument is not supported: org.jooq.Converter<?, ? extends U>
22:24:38.560 [Test worker] DEBUG org.hibernate.validator.internal.metadata.provider.TypeAnnotationAwareMetaDataProvider - HV000188: Parameterized type with more than one argument is not supported: org.jooq.Converter<?, ? extends U>
22:24:38.560 [Test worker] DEBUG org.hibernate.validator.internal.metadata.provider.TypeAnnotationAwareMetaDataProvider - HV000188: Parameterized type with more than one argument is not supported: org.jooq.Converter<?, ? extends U>
22:24:38.562 [Test worker] DEBUG org.hibernate.validator.internal.metadata.provider.TypeAnnotationAwareMetaDataProvider - HV000188: Parameterized type with more than one argument is not supported: org.jooq.Converter<? super T, ? extends U>
22:24:38.563 [Test worker] DEBUG org.hibernate.validator.internal.metadata.provider.TypeAnnotationAwareMetaDataProvider - HV000188: Parameterized type with more than one argument is not supported: org.jooq.Converter<?, ? extends U>
22:24:38.564 [Test worker] DEBUG org.hibernate.validator.internal.metadata.provider.TypeAnnotationAwareMetaDataProvider - HV000188: Parameterized type with more than one argument is not supported: org.jooq.Converter<?, ? extends U>
22:24:38.565 [Test worker] DEBUG org.hibernate.validator.internal.metadata.provider.TypeAnnotationAwareMetaDataProvider - HV000188: Parameterized type with more than one argument is not supported: org.jooq.Converter<?, ? extends U>
22:24:38.567 [Test worker] DEBUG org.hibernate.validator.internal.metadata.provider.TypeAnnotationAwareMetaDataProvider - HV000188: Parameterized type with more than one argument is not supported: org.jooq.Converter<?, ? extends U>
22:24:38.570 [Test worker] DEBUG org.hibernate.validator.internal.metadata.provider.TypeAnnotationAwareMetaDataProvider - HV000188: Parameterized type with more than one argument is not supported: org.jooq.Converter<? super T, ? extends U>
22:24:38.571 [Test worker] DEBUG org.hibernate.validator.internal.metadata.provider.TypeAnnotationAwareMetaDataProvider - HV000188: Parameterized type with more than one argument is not supported: org.jooq.Converter<? extends T, ? super U>
22:24:38.572 [Test worker] DEBUG org.hibernate.validator.internal.metadata.provider.TypeAnnotationAwareMetaDataProvider - HV000188: Parameterized type with more than one argument is not supported: org.jooq.Converter<? extends T, ? super U>
22:24:38.574 [Test worker] DEBUG org.hibernate.validator.internal.metadata.provider.TypeAnnotationAwareMetaDataProvider - HV000188: Parameterized type with more than one argument is not supported: org.jooq.RecordMapper<org.jooq.Record, E>
22:24:38.575 [Test worker] DEBUG org.hibernate.validator.internal.metadata.provider.TypeAnnotationAwareMetaDataProvider - HV000188: Parameterized type with more than one argument is not supported: org.jooq.Converter<? extends T, ? super U>
22:24:38.577 [Test worker] DEBUG org.hibernate.validator.internal.metadata.provider.TypeAnnotationAwareMetaDataProvider - HV000188: Parameterized type with more than one argument is not supported: org.jooq.Record6<T1, T2, T3, T4, T5, T6>
22:24:38.579 [Test worker] DEBUG org.hibernate.validator.internal.metadata.provider.TypeAnnotationAwareMetaDataProvider - HV000188: Parameterized type with more than one argument is not supported: org.jooq.Record14<T1, T2, T3, T4, T5, T6, T7, T8, T9, T10, T11, T12, T13, T14>
22:24:38.580 [Test worker] DEBUG org.hibernate.validator.internal.metadata.provider.TypeAnnotationAwareMetaDataProvider - HV000188: Parameterized type with more than one argument is not supported: org.jooq.Record13<T1, T2, T3, T4, T5, T6, T7, T8, T9, T10, T11, T12, T13>
22:24:38.581 [Test worker] DEBUG org.hibernate.validator.internal.metadata.provider.TypeAnnotationAwareMetaDataProvider - HV000188: Parameterized type with more than one argument is not supported: org.jooq.Record12<T1, T2, T3, T4, T5, T6, T7, T8, T9, T10, T11, T12>
22:24:38.583 [Test worker] DEBUG org.hibernate.validator.internal.metadata.provider.TypeAnnotationAwareMetaDataProvider - HV000188: Parameterized type with more than one argument is not supported: org.jooq.Record11<T1, T2, T3, T4, T5, T6, T7, T8, T9, T10, T11>
22:24:38.584 [Test worker] DEBUG org.hibernate.validator.internal.metadata.provider.TypeAnnotationAwareMetaDataProvider - HV000188: Parameterized type with more than one argument is not supported: org.jooq.Record10<T1, T2, T3, T4, T5, T6, T7, T8, T9, T10>
22:24:38.585 [Test worker] DEBUG org.hibernate.validator.internal.metadata.provider.TypeAnnotationAwareMetaDataProvider - HV000188: Parameterized type with more than one argument is not supported: org.jooq.Record18<T1, T2, T3, T4, T5, T6, T7, T8, T9, T10, T11, T12, T13, T14, T15, T16, T17, T18>
22:24:38.586 [Test worker] DEBUG org.hibernate.validator.internal.metadata.provider.TypeAnnotationAwareMetaDataProvider - HV000188: Parameterized type with more than one argument is not supported: org.jooq.Record17<T1, T2, T3, T4, T5, T6, T7, T8, T9, T10, T11, T12, T13, T14, T15, T16, T17>
22:24:38.588 [Test worker] DEBUG org.hibernate.validator.internal.metadata.provider.TypeAnnotationAwareMetaDataProvider - HV000188: Parameterized type with more than one argument is not supported: org.jooq.Record16<T1, T2, T3, T4, T5, T6, T7, T8, T9, T10, T11, T12, T13, T14, T15, T16>
22:24:38.589 [Test worker] DEBUG org.hibernate.validator.internal.metadata.provider.TypeAnnotationAwareMetaDataProvider - HV000188: Parameterized type with more than one argument is not supported: org.jooq.Record15<T1, T2, T3, T4, T5, T6, T7, T8, T9, T10, T11, T12, T13, T14, T15>
22:24:38.590 [Test worker] DEBUG org.hibernate.validator.internal.metadata.provider.TypeAnnotationAwareMetaDataProvider - HV000188: Parameterized type with more than one argument is not supported: org.jooq.Record4<T1, T2, T3, T4>
22:24:38.591 [Test worker] DEBUG org.hibernate.validator.internal.metadata.provider.TypeAnnotationAwareMetaDataProvider - HV000188: Parameterized type with more than one argument is not supported: org.jooq.Record3<T1, T2, T3>
22:24:38.592 [Test worker] DEBUG org.hibernate.validator.internal.metadata.provider.TypeAnnotationAwareMetaDataProvider - HV000188: Parameterized type with more than one argument is not supported: org.jooq.Record2<T1, T2>
22:24:38.593 [Test worker] DEBUG org.hibernate.validator.internal.metadata.provider.TypeAnnotationAwareMetaDataProvider - HV000188: Parameterized type with more than one argument is not supported: org.jooq.Record9<T1, T2, T3, T4, T5, T6, T7, T8, T9>
22:24:38.594 [Test worker] DEBUG org.hibernate.validator.internal.metadata.provider.TypeAnnotationAwareMetaDataProvider - HV000188: Parameterized type with more than one argument is not supported: org.jooq.Record8<T1, T2, T3, T4, T5, T6, T7, T8>
22:24:38.595 [Test worker] DEBUG org.hibernate.validator.internal.metadata.provider.TypeAnnotationAwareMetaDataProvider - HV000188: Parameterized type with more than one argument is not supported: org.jooq.Record7<T1, T2, T3, T4, T5, T6, T7>
22:24:38.596 [Test worker] DEBUG org.hibernate.validator.internal.metadata.provider.TypeAnnotationAwareMetaDataProvider - HV000188: Parameterized type with more than one argument is not supported: org.jooq.Record5<T1, T2, T3, T4, T5>
22:24:38.597 [Test worker] DEBUG org.hibernate.validator.internal.metadata.provider.TypeAnnotationAwareMetaDataProvider - HV000188: Parameterized type with more than one argument is not supported: org.jooq.Record19<T1, T2, T3, T4, T5, T6, T7, T8, T9, T10, T11, T12, T13, T14, T15, T16, T17, T18, T19>
22:24:38.598 [Test worker] DEBUG org.hibernate.validator.internal.metadata.provider.TypeAnnotationAwareMetaDataProvider - HV000188: Parameterized type with more than one argument is not supported: org.jooq.Record22<T1, T2, T3, T4, T5, T6, T7, T8, T9, T10, T11, T12, T13, T14, T15, T16, T17, T18, T19, T20, T21, T22>
22:24:38.600 [Test worker] DEBUG org.hibernate.validator.internal.metadata.provider.TypeAnnotationAwareMetaDataProvider - HV000188: Parameterized type with more than one argument is not supported: org.jooq.Record21<T1, T2, T3, T4, T5, T6, T7, T8, T9, T10, T11, T12, T13, T14, T15, T16, T17, T18, T19, T20, T21>
22:24:38.601 [Test worker] DEBUG org.hibernate.validator.internal.metadata.provider.TypeAnnotationAwareMetaDataProvider - HV000188: Parameterized type with more than one argument is not supported: org.jooq.Record20<T1, T2, T3, T4, T5, T6, T7, T8, T9, T10, T11, T12, T13, T14, T15, T16, T17, T18, T19, T20>
]]></system-out>
  <system-err><![CDATA[]]></system-err>
</testsuite>
