<?xml version="1.0" encoding="UTF-8"?>
<testsuite name="api.Tagtest" tests="1" skipped="0" failures="0" errors="0" timestamp="2017-10-13T01:28:51" hostname="dhcp-nyc-471.redrover.cornell.edu" time="0.484">
  <properties/>
  <testcase name="TagTest" classname="api.Tagtest" time="0.484"/>
  <system-out><![CDATA[21:28:51.209 [Test worker] DEBUG org.hibernate.validator.internal.engine.resolver.DefaultTraversableResolver - Cannot find javax.persistence.Persistence on classpath. Assuming non JPA 2 environment. All properties will per default be traversable.
21:28:51.210 [Test worker] DEBUG org.hibernate.validator.internal.engine.ConfigurationImpl - Setting custom ParameterNameProvider of type io.dropwizard.jersey.validation.JerseyParameterNameProvider
21:28:51.210 [Test worker] DEBUG org.hibernate.validator.internal.xml.ValidationXmlParser - Trying to load META-INF/validation.xml for XML based Validator configuration.
21:28:51.211 [Test worker] DEBUG org.hibernate.validator.internal.xml.ResourceLoaderHelper - Trying to load META-INF/validation.xml via TCCL
21:28:51.212 [Test worker] DEBUG org.hibernate.validator.internal.xml.ResourceLoaderHelper - Trying to load META-INF/validation.xml via Hibernate Validator's class loader
21:28:51.213 [Test worker] DEBUG org.hibernate.validator.internal.xml.ValidationXmlParser - No META-INF/validation.xml found. Using annotation based configuration only.
21:28:51.465 [Test worker] DEBUG org.hibernate.validator.internal.metadata.provider.TypeAnnotationAwareMetaDataProvider - HV000188: Parameterized type with more than one argument is not supported: org.jooq.Row3<java.lang.Integer, java.lang.Integer, java.lang.String>
21:28:51.466 [Test worker] DEBUG org.hibernate.validator.internal.metadata.provider.TypeAnnotationAwareMetaDataProvider - HV000188: Parameterized type with more than one argument is not supported: org.jooq.Row3<java.lang.Integer, java.lang.Integer, java.lang.String>
21:28:51.467 [Test worker] DEBUG org.hibernate.validator.internal.metadata.provider.TypeAnnotationAwareMetaDataProvider - HV000188: Parameterized type with more than one argument is not supported: org.jooq.Record3<T1, T2, T3>
21:28:51.468 [Test worker] DEBUG org.hibernate.validator.internal.metadata.provider.TypeAnnotationAwareMetaDataProvider - HV000188: Parameterized type with more than one argument is not supported: org.jooq.Record3<T1, T2, T3>
21:28:51.468 [Test worker] DEBUG org.hibernate.validator.internal.metadata.provider.TypeAnnotationAwareMetaDataProvider - HV000188: Parameterized type with more than one argument is not supported: org.jooq.Record3<T1, T2, T3>
21:28:51.469 [Test worker] DEBUG org.hibernate.validator.internal.metadata.provider.TypeAnnotationAwareMetaDataProvider - HV000188: Parameterized type with more than one argument is not supported: org.jooq.Record3<T1, T2, T3>
21:28:51.470 [Test worker] DEBUG org.hibernate.validator.internal.metadata.provider.TypeAnnotationAwareMetaDataProvider - HV000188: Parameterized type with more than one argument is not supported: org.jooq.Row3<T1, T2, T3>
21:28:51.471 [Test worker] DEBUG org.hibernate.validator.internal.metadata.provider.TypeAnnotationAwareMetaDataProvider - HV000188: Parameterized type with more than one argument is not supported: org.jooq.Row3<T1, T2, T3>
21:28:51.487 [Test worker] DEBUG org.hibernate.validator.internal.metadata.provider.TypeAnnotationAwareMetaDataProvider - HV000188: Parameterized type with more than one argument is not supported: org.jooq.Converter<?, ? extends U>
21:28:51.488 [Test worker] DEBUG org.hibernate.validator.internal.metadata.provider.TypeAnnotationAwareMetaDataProvider - HV000188: Parameterized type with more than one argument is not supported: org.jooq.Converter<? super T, ? extends U>
21:28:51.489 [Test worker] DEBUG org.hibernate.validator.internal.metadata.provider.TypeAnnotationAwareMetaDataProvider - HV000188: Parameterized type with more than one argument is not supported: org.jooq.Converter<?, ? extends U>
21:28:51.490 [Test worker] DEBUG org.hibernate.validator.internal.metadata.provider.TypeAnnotationAwareMetaDataProvider - HV000188: Parameterized type with more than one argument is not supported: org.jooq.Converter<?, ? extends U>
21:28:51.490 [Test worker] DEBUG org.hibernate.validator.internal.metadata.provider.TypeAnnotationAwareMetaDataProvider - HV000188: Parameterized type with more than one argument is not supported: org.jooq.Converter<?, ? extends U>
21:28:51.492 [Test worker] DEBUG org.hibernate.validator.internal.metadata.provider.TypeAnnotationAwareMetaDataProvider - HV000188: Parameterized type with more than one argument is not supported: org.jooq.Converter<?, ? extends U>
21:28:51.494 [Test worker] DEBUG org.hibernate.validator.internal.metadata.provider.TypeAnnotationAwareMetaDataProvider - HV000188: Parameterized type with more than one argument is not supported: org.jooq.Converter<? super T, ? extends U>
21:28:51.494 [Test worker] DEBUG org.hibernate.validator.internal.metadata.provider.TypeAnnotationAwareMetaDataProvider - HV000188: Parameterized type with more than one argument is not supported: org.jooq.Converter<? super T, ? extends U>
21:28:51.495 [Test worker] DEBUG org.hibernate.validator.internal.metadata.provider.TypeAnnotationAwareMetaDataProvider - HV000188: Parameterized type with more than one argument is not supported: org.jooq.Converter<?, ? extends U>
21:28:51.496 [Test worker] DEBUG org.hibernate.validator.internal.metadata.provider.TypeAnnotationAwareMetaDataProvider - HV000188: Parameterized type with more than one argument is not supported: org.jooq.Converter<?, ? extends U>
21:28:51.497 [Test worker] DEBUG org.hibernate.validator.internal.metadata.provider.TypeAnnotationAwareMetaDataProvider - HV000188: Parameterized type with more than one argument is not supported: org.jooq.Converter<?, ? extends U>
21:28:51.498 [Test worker] DEBUG org.hibernate.validator.internal.metadata.provider.TypeAnnotationAwareMetaDataProvider - HV000188: Parameterized type with more than one argument is not supported: org.jooq.Converter<? extends T, ? super U>
21:28:51.499 [Test worker] DEBUG org.hibernate.validator.internal.metadata.provider.TypeAnnotationAwareMetaDataProvider - HV000188: Parameterized type with more than one argument is not supported: org.jooq.Converter<? extends T, ? super U>
21:28:51.500 [Test worker] DEBUG org.hibernate.validator.internal.metadata.provider.TypeAnnotationAwareMetaDataProvider - HV000188: Parameterized type with more than one argument is not supported: org.jooq.RecordMapper<org.jooq.Record, E>
21:28:51.501 [Test worker] DEBUG org.hibernate.validator.internal.metadata.provider.TypeAnnotationAwareMetaDataProvider - HV000188: Parameterized type with more than one argument is not supported: org.jooq.Converter<? extends T, ? super U>
21:28:51.504 [Test worker] DEBUG org.hibernate.validator.internal.metadata.provider.TypeAnnotationAwareMetaDataProvider - HV000188: Parameterized type with more than one argument is not supported: org.jooq.Record22<T1, T2, T3, T4, T5, T6, T7, T8, T9, T10, T11, T12, T13, T14, T15, T16, T17, T18, T19, T20, T21, T22>
21:28:51.505 [Test worker] DEBUG org.hibernate.validator.internal.metadata.provider.TypeAnnotationAwareMetaDataProvider - HV000188: Parameterized type with more than one argument is not supported: org.jooq.Record9<T1, T2, T3, T4, T5, T6, T7, T8, T9>
21:28:51.506 [Test worker] DEBUG org.hibernate.validator.internal.metadata.provider.TypeAnnotationAwareMetaDataProvider - HV000188: Parameterized type with more than one argument is not supported: org.jooq.Record12<T1, T2, T3, T4, T5, T6, T7, T8, T9, T10, T11, T12>
21:28:51.507 [Test worker] DEBUG org.hibernate.validator.internal.metadata.provider.TypeAnnotationAwareMetaDataProvider - HV000188: Parameterized type with more than one argument is not supported: org.jooq.Record11<T1, T2, T3, T4, T5, T6, T7, T8, T9, T10, T11>
21:28:51.508 [Test worker] DEBUG org.hibernate.validator.internal.metadata.provider.TypeAnnotationAwareMetaDataProvider - HV000188: Parameterized type with more than one argument is not supported: org.jooq.Record10<T1, T2, T3, T4, T5, T6, T7, T8, T9, T10>
21:28:51.509 [Test worker] DEBUG org.hibernate.validator.internal.metadata.provider.TypeAnnotationAwareMetaDataProvider - HV000188: Parameterized type with more than one argument is not supported: org.jooq.Record16<T1, T2, T3, T4, T5, T6, T7, T8, T9, T10, T11, T12, T13, T14, T15, T16>
21:28:51.511 [Test worker] DEBUG org.hibernate.validator.internal.metadata.provider.TypeAnnotationAwareMetaDataProvider - HV000188: Parameterized type with more than one argument is not supported: org.jooq.Record15<T1, T2, T3, T4, T5, T6, T7, T8, T9, T10, T11, T12, T13, T14, T15>
21:28:51.512 [Test worker] DEBUG org.hibernate.validator.internal.metadata.provider.TypeAnnotationAwareMetaDataProvider - HV000188: Parameterized type with more than one argument is not supported: org.jooq.Record14<T1, T2, T3, T4, T5, T6, T7, T8, T9, T10, T11, T12, T13, T14>
21:28:51.513 [Test worker] DEBUG org.hibernate.validator.internal.metadata.provider.TypeAnnotationAwareMetaDataProvider - HV000188: Parameterized type with more than one argument is not supported: org.jooq.Record13<T1, T2, T3, T4, T5, T6, T7, T8, T9, T10, T11, T12, T13>
21:28:51.513 [Test worker] DEBUG org.hibernate.validator.internal.metadata.provider.TypeAnnotationAwareMetaDataProvider - HV000188: Parameterized type with more than one argument is not supported: org.jooq.Record4<T1, T2, T3, T4>
21:28:51.514 [Test worker] DEBUG org.hibernate.validator.internal.metadata.provider.TypeAnnotationAwareMetaDataProvider - HV000188: Parameterized type with more than one argument is not supported: org.jooq.Record3<T1, T2, T3>
21:28:51.514 [Test worker] DEBUG org.hibernate.validator.internal.metadata.provider.TypeAnnotationAwareMetaDataProvider - HV000188: Parameterized type with more than one argument is not supported: org.jooq.Record2<T1, T2>
21:28:51.515 [Test worker] DEBUG org.hibernate.validator.internal.metadata.provider.TypeAnnotationAwareMetaDataProvider - HV000188: Parameterized type with more than one argument is not supported: org.jooq.Record8<T1, T2, T3, T4, T5, T6, T7, T8>
21:28:51.516 [Test worker] DEBUG org.hibernate.validator.internal.metadata.provider.TypeAnnotationAwareMetaDataProvider - HV000188: Parameterized type with more than one argument is not supported: org.jooq.Record7<T1, T2, T3, T4, T5, T6, T7>
21:28:51.517 [Test worker] DEBUG org.hibernate.validator.internal.metadata.provider.TypeAnnotationAwareMetaDataProvider - HV000188: Parameterized type with more than one argument is not supported: org.jooq.Record6<T1, T2, T3, T4, T5, T6>
21:28:51.517 [Test worker] DEBUG org.hibernate.validator.internal.metadata.provider.TypeAnnotationAwareMetaDataProvider - HV000188: Parameterized type with more than one argument is not supported: org.jooq.Record5<T1, T2, T3, T4, T5>
21:28:51.519 [Test worker] DEBUG org.hibernate.validator.internal.metadata.provider.TypeAnnotationAwareMetaDataProvider - HV000188: Parameterized type with more than one argument is not supported: org.jooq.Record17<T1, T2, T3, T4, T5, T6, T7, T8, T9, T10, T11, T12, T13, T14, T15, T16, T17>
21:28:51.521 [Test worker] DEBUG org.hibernate.validator.internal.metadata.provider.TypeAnnotationAwareMetaDataProvider - HV000188: Parameterized type with more than one argument is not supported: org.jooq.Record19<T1, T2, T3, T4, T5, T6, T7, T8, T9, T10, T11, T12, T13, T14, T15, T16, T17, T18, T19>
21:28:51.523 [Test worker] DEBUG org.hibernate.validator.internal.metadata.provider.TypeAnnotationAwareMetaDataProvider - HV000188: Parameterized type with more than one argument is not supported: org.jooq.Record20<T1, T2, T3, T4, T5, T6, T7, T8, T9, T10, T11, T12, T13, T14, T15, T16, T17, T18, T19, T20>
21:28:51.525 [Test worker] DEBUG org.hibernate.validator.internal.metadata.provider.TypeAnnotationAwareMetaDataProvider - HV000188: Parameterized type with more than one argument is not supported: org.jooq.Record21<T1, T2, T3, T4, T5, T6, T7, T8, T9, T10, T11, T12, T13, T14, T15, T16, T17, T18, T19, T20, T21>
21:28:51.527 [Test worker] DEBUG org.hibernate.validator.internal.metadata.provider.TypeAnnotationAwareMetaDataProvider - HV000188: Parameterized type with more than one argument is not supported: org.jooq.Record18<T1, T2, T3, T4, T5, T6, T7, T8, T9, T10, T11, T12, T13, T14, T15, T16, T17, T18>
21:28:51.531 [Test worker] DEBUG org.hibernate.validator.internal.metadata.provider.TypeAnnotationAwareMetaDataProvider - HV000188: Parameterized type with more than one argument is not supported: org.jooq.Converter<? extends T, ? super U>
21:28:51.532 [Test worker] DEBUG org.hibernate.validator.internal.metadata.provider.TypeAnnotationAwareMetaDataProvider - HV000188: Parameterized type with more than one argument is not supported: org.jooq.ForeignKey<R, O>
21:28:51.534 [Test worker] DEBUG org.hibernate.validator.internal.metadata.provider.TypeAnnotationAwareMetaDataProvider - HV000188: Parameterized type with more than one argument is not supported: org.jooq.Converter<? extends T, ? super U>
21:28:51.535 [Test worker] DEBUG org.hibernate.validator.internal.metadata.provider.TypeAnnotationAwareMetaDataProvider - HV000188: Parameterized type with more than one argument is not supported: org.jooq.ForeignKey<R, O>
21:28:51.536 [Test worker] DEBUG org.hibernate.validator.internal.metadata.provider.TypeAnnotationAwareMetaDataProvider - HV000188: Parameterized type with more than one argument is not supported: org.jooq.Converter<?, ? extends U>
21:28:51.537 [Test worker] DEBUG org.hibernate.validator.internal.metadata.provider.TypeAnnotationAwareMetaDataProvider - HV000188: Parameterized type with more than one argument is not supported: org.jooq.Converter<? super T, ? extends U>
21:28:51.538 [Test worker] DEBUG org.hibernate.validator.internal.metadata.provider.TypeAnnotationAwareMetaDataProvider - HV000188: Parameterized type with more than one argument is not supported: org.jooq.Converter<?, ? extends U>
21:28:51.538 [Test worker] DEBUG org.hibernate.validator.internal.metadata.provider.TypeAnnotationAwareMetaDataProvider - HV000188: Parameterized type with more than one argument is not supported: org.jooq.Converter<?, ? extends U>
21:28:51.539 [Test worker] DEBUG org.hibernate.validator.internal.metadata.provider.TypeAnnotationAwareMetaDataProvider - HV000188: Parameterized type with more than one argument is not supported: org.jooq.Converter<?, ? extends U>
21:28:51.539 [Test worker] DEBUG org.hibernate.validator.internal.metadata.provider.TypeAnnotationAwareMetaDataProvider - HV000188: Parameterized type with more than one argument is not supported: org.jooq.Converter<?, ? extends U>
21:28:51.540 [Test worker] DEBUG org.hibernate.validator.internal.metadata.provider.TypeAnnotationAwareMetaDataProvider - HV000188: Parameterized type with more than one argument is not supported: org.jooq.Converter<?, ? extends U>
21:28:51.540 [Test worker] DEBUG org.hibernate.validator.internal.metadata.provider.TypeAnnotationAwareMetaDataProvider - HV000188: Parameterized type with more than one argument is not supported: org.jooq.Converter<?, ? extends U>
21:28:51.541 [Test worker] DEBUG org.hibernate.validator.internal.metadata.provider.TypeAnnotationAwareMetaDataProvider - HV000188: Parameterized type with more than one argument is not supported: org.jooq.Converter<? super T, ? extends U>
21:28:51.543 [Test worker] DEBUG org.hibernate.validator.internal.metadata.provider.TypeAnnotationAwareMetaDataProvider - HV000188: Parameterized type with more than one argument is not supported: org.jooq.Converter<? super T, ? extends U>
21:28:51.544 [Test worker] DEBUG org.hibernate.validator.internal.metadata.provider.TypeAnnotationAwareMetaDataProvider - HV000188: Parameterized type with more than one argument is not supported: org.jooq.Converter<?, ? extends U>
21:28:51.545 [Test worker] DEBUG org.hibernate.validator.internal.metadata.provider.TypeAnnotationAwareMetaDataProvider - HV000188: Parameterized type with more than one argument is not supported: org.jooq.Converter<? extends T, ? super U>
21:28:51.546 [Test worker] DEBUG org.hibernate.validator.internal.metadata.provider.TypeAnnotationAwareMetaDataProvider - HV000188: Parameterized type with more than one argument is not supported: org.jooq.Converter<? extends T, ? super U>
21:28:51.547 [Test worker] DEBUG org.hibernate.validator.internal.metadata.provider.TypeAnnotationAwareMetaDataProvider - HV000188: Parameterized type with more than one argument is not supported: org.jooq.RecordMapper<org.jooq.Record, E>
21:28:51.547 [Test worker] DEBUG org.hibernate.validator.internal.metadata.provider.TypeAnnotationAwareMetaDataProvider - HV000188: Parameterized type with more than one argument is not supported: org.jooq.Converter<? extends T, ? super U>
21:28:51.549 [Test worker] DEBUG org.hibernate.validator.internal.metadata.provider.TypeAnnotationAwareMetaDataProvider - HV000188: Parameterized type with more than one argument is not supported: org.jooq.Record22<T1, T2, T3, T4, T5, T6, T7, T8, T9, T10, T11, T12, T13, T14, T15, T16, T17, T18, T19, T20, T21, T22>
21:28:51.551 [Test worker] DEBUG org.hibernate.validator.internal.metadata.provider.TypeAnnotationAwareMetaDataProvider - HV000188: Parameterized type with more than one argument is not supported: org.jooq.Record21<T1, T2, T3, T4, T5, T6, T7, T8, T9, T10, T11, T12, T13, T14, T15, T16, T17, T18, T19, T20, T21>
21:28:51.553 [Test worker] DEBUG org.hibernate.validator.internal.metadata.provider.TypeAnnotationAwareMetaDataProvider - HV000188: Parameterized type with more than one argument is not supported: org.jooq.Record20<T1, T2, T3, T4, T5, T6, T7, T8, T9, T10, T11, T12, T13, T14, T15, T16, T17, T18, T19, T20>
21:28:51.554 [Test worker] DEBUG org.hibernate.validator.internal.metadata.provider.TypeAnnotationAwareMetaDataProvider - HV000188: Parameterized type with more than one argument is not supported: org.jooq.Record6<T1, T2, T3, T4, T5, T6>
21:28:51.556 [Test worker] DEBUG org.hibernate.validator.internal.metadata.provider.TypeAnnotationAwareMetaDataProvider - HV000188: Parameterized type with more than one argument is not supported: org.jooq.Record13<T1, T2, T3, T4, T5, T6, T7, T8, T9, T10, T11, T12, T13>
21:28:51.556 [Test worker] DEBUG org.hibernate.validator.internal.metadata.provider.TypeAnnotationAwareMetaDataProvider - HV000188: Parameterized type with more than one argument is not supported: org.jooq.Record5<T1, T2, T3, T4, T5>
21:28:51.557 [Test worker] DEBUG org.hibernate.validator.internal.metadata.provider.TypeAnnotationAwareMetaDataProvider - HV000188: Parameterized type with more than one argument is not supported: org.jooq.Record4<T1, T2, T3, T4>
21:28:51.558 [Test worker] DEBUG org.hibernate.validator.internal.metadata.provider.TypeAnnotationAwareMetaDataProvider - HV000188: Parameterized type with more than one argument is not supported: org.jooq.Record8<T1, T2, T3, T4, T5, T6, T7, T8>
21:28:51.558 [Test worker] DEBUG org.hibernate.validator.internal.metadata.provider.TypeAnnotationAwareMetaDataProvider - HV000188: Parameterized type with more than one argument is not supported: org.jooq.Record3<T1, T2, T3>
21:28:51.559 [Test worker] DEBUG org.hibernate.validator.internal.metadata.provider.TypeAnnotationAwareMetaDataProvider - HV000188: Parameterized type with more than one argument is not supported: org.jooq.Record2<T1, T2>
21:28:51.560 [Test worker] DEBUG org.hibernate.validator.internal.metadata.provider.TypeAnnotationAwareMetaDataProvider - HV000188: Parameterized type with more than one argument is not supported: org.jooq.Record9<T1, T2, T3, T4, T5, T6, T7, T8, T9>
21:28:51.561 [Test worker] DEBUG org.hibernate.validator.internal.metadata.provider.TypeAnnotationAwareMetaDataProvider - HV000188: Parameterized type with more than one argument is not supported: org.jooq.Record10<T1, T2, T3, T4, T5, T6, T7, T8, T9, T10>
21:28:51.562 [Test worker] DEBUG org.hibernate.validator.internal.metadata.provider.TypeAnnotationAwareMetaDataProvider - HV000188: Parameterized type with more than one argument is not supported: org.jooq.Record11<T1, T2, T3, T4, T5, T6, T7, T8, T9, T10, T11>
21:28:51.563 [Test worker] DEBUG org.hibernate.validator.internal.metadata.provider.TypeAnnotationAwareMetaDataProvider - HV000188: Parameterized type with more than one argument is not supported: org.jooq.Record12<T1, T2, T3, T4, T5, T6, T7, T8, T9, T10, T11, T12>
21:28:51.564 [Test worker] DEBUG org.hibernate.validator.internal.metadata.provider.TypeAnnotationAwareMetaDataProvider - HV000188: Parameterized type with more than one argument is not supported: org.jooq.Record7<T1, T2, T3, T4, T5, T6, T7>
21:28:51.565 [Test worker] DEBUG org.hibernate.validator.internal.metadata.provider.TypeAnnotationAwareMetaDataProvider - HV000188: Parameterized type with more than one argument is not supported: org.jooq.Record17<T1, T2, T3, T4, T5, T6, T7, T8, T9, T10, T11, T12, T13, T14, T15, T16, T17>
21:28:51.566 [Test worker] DEBUG org.hibernate.validator.internal.metadata.provider.TypeAnnotationAwareMetaDataProvider - HV000188: Parameterized type with more than one argument is not supported: org.jooq.Record16<T1, T2, T3, T4, T5, T6, T7, T8, T9, T10, T11, T12, T13, T14, T15, T16>
21:28:51.568 [Test worker] DEBUG org.hibernate.validator.internal.metadata.provider.TypeAnnotationAwareMetaDataProvider - HV000188: Parameterized type with more than one argument is not supported: org.jooq.Record15<T1, T2, T3, T4, T5, T6, T7, T8, T9, T10, T11, T12, T13, T14, T15>
21:28:51.569 [Test worker] DEBUG org.hibernate.validator.internal.metadata.provider.TypeAnnotationAwareMetaDataProvider - HV000188: Parameterized type with more than one argument is not supported: org.jooq.Record14<T1, T2, T3, T4, T5, T6, T7, T8, T9, T10, T11, T12, T13, T14>
21:28:51.570 [Test worker] DEBUG org.hibernate.validator.internal.metadata.provider.TypeAnnotationAwareMetaDataProvider - HV000188: Parameterized type with more than one argument is not supported: org.jooq.Record19<T1, T2, T3, T4, T5, T6, T7, T8, T9, T10, T11, T12, T13, T14, T15, T16, T17, T18, T19>
21:28:51.571 [Test worker] DEBUG org.hibernate.validator.internal.metadata.provider.TypeAnnotationAwareMetaDataProvider - HV000188: Parameterized type with more than one argument is not supported: org.jooq.Record18<T1, T2, T3, T4, T5, T6, T7, T8, T9, T10, T11, T12, T13, T14, T15, T16, T17, T18>
]]></system-out>
  <system-err><![CDATA[]]></system-err>
</testsuite>
