<?xml version="1.0" encoding="UTF-8"?>
<testsuite name="api.CreateReceiptRequestTest" tests="3" skipped="0" failures="0" errors="0" timestamp="2017-10-13T02:27:54" hostname="dhcp-nyc-80.redrover.cornell.edu" time="0.27">
  <properties/>
  <testcase name="testValid" classname="api.CreateReceiptRequestTest" time="0.181"/>
  <testcase name="testMissingAmount" classname="api.CreateReceiptRequestTest" time="0.01"/>
  <testcase name="testMissingMerchant" classname="api.CreateReceiptRequestTest" time="0.055"/>
  <system-out><![CDATA[22:27:53.895 [Test worker] DEBUG org.jboss.logging - Logging Provider: org.jboss.logging.Slf4jLoggerProvider
22:27:53.901 [Test worker] INFO org.hibernate.validator.internal.util.Version - HV000001: Hibernate Validator 5.4.1.Final
22:27:53.931 [Test worker] DEBUG org.hibernate.validator.internal.engine.resolver.DefaultTraversableResolver - Cannot find javax.persistence.Persistence on classpath. Assuming non JPA 2 environment. All properties will per default be traversable.
22:27:53.938 [Test worker] DEBUG org.hibernate.validator.internal.engine.ConfigurationImpl - Setting custom ParameterNameProvider of type io.dropwizard.jersey.validation.JerseyParameterNameProvider
22:27:53.942 [Test worker] DEBUG org.hibernate.validator.internal.xml.ValidationXmlParser - Trying to load META-INF/validation.xml for XML based Validator configuration.
22:27:53.944 [Test worker] DEBUG org.hibernate.validator.internal.xml.ResourceLoaderHelper - Trying to load META-INF/validation.xml via TCCL
22:27:53.946 [Test worker] DEBUG org.hibernate.validator.internal.xml.ResourceLoaderHelper - Trying to load META-INF/validation.xml via Hibernate Validator's class loader
22:27:53.947 [Test worker] DEBUG org.hibernate.validator.internal.xml.ValidationXmlParser - No META-INF/validation.xml found. Using annotation based configuration only.
22:27:54.104 [Test worker] DEBUG org.hibernate.validator.internal.metadata.descriptor.ConstraintDescriptorImpl - Adding composing constraint: ConstraintDescriptorImpl{annotation=javax.validation.constraints.NotNull, payloads=[], hasComposingConstraints=true, isReportAsSingleInvalidConstraint=false, elementType=FIELD, definedOn=DEFINED_LOCALLY, groups=[interface javax.validation.groups.Default], attributes={message={javax.validation.constraints.NotNull.message}, groups=[Ljava.lang.Class;@6c50e5bd, payload=[Ljava.lang.Class;@1346fc67}, constraintType=GENERIC}.
22:27:54.106 [Test worker] DEBUG org.hibernate.validator.internal.metadata.descriptor.ConstraintDescriptorImpl - Adding composing constraint: ConstraintDescriptorImpl{annotation=javax.validation.constraints.Size, payloads=[], hasComposingConstraints=true, isReportAsSingleInvalidConstraint=false, elementType=FIELD, definedOn=DEFINED_LOCALLY, groups=[interface javax.validation.groups.Default], attributes={groups=[Ljava.lang.Class;@1c8f6930, min=1, message={javax.validation.constraints.Size.message}, max=2147483647, payload=[Ljava.lang.Class;@660562aa}, constraintType=GENERIC}.
22:27:54.243 [Test worker] DEBUG org.hibernate.validator.internal.engine.resolver.DefaultTraversableResolver - Cannot find javax.persistence.Persistence on classpath. Assuming non JPA 2 environment. All properties will per default be traversable.
22:27:54.243 [Test worker] DEBUG org.hibernate.validator.internal.engine.ConfigurationImpl - Setting custom ParameterNameProvider of type io.dropwizard.jersey.validation.JerseyParameterNameProvider
22:27:54.244 [Test worker] DEBUG org.hibernate.validator.internal.xml.ValidationXmlParser - Trying to load META-INF/validation.xml for XML based Validator configuration.
22:27:54.244 [Test worker] DEBUG org.hibernate.validator.internal.xml.ResourceLoaderHelper - Trying to load META-INF/validation.xml via TCCL
22:27:54.245 [Test worker] DEBUG org.hibernate.validator.internal.xml.ResourceLoaderHelper - Trying to load META-INF/validation.xml via Hibernate Validator's class loader
22:27:54.247 [Test worker] DEBUG org.hibernate.validator.internal.xml.ValidationXmlParser - No META-INF/validation.xml found. Using annotation based configuration only.
22:27:54.253 [Test worker] DEBUG org.hibernate.validator.internal.metadata.descriptor.ConstraintDescriptorImpl - Adding composing constraint: ConstraintDescriptorImpl{annotation=javax.validation.constraints.NotNull, payloads=[], hasComposingConstraints=true, isReportAsSingleInvalidConstraint=false, elementType=FIELD, definedOn=DEFINED_LOCALLY, groups=[interface javax.validation.groups.Default], attributes={message={javax.validation.constraints.NotNull.message}, groups=[Ljava.lang.Class;@21c0a7d, payload=[Ljava.lang.Class;@5fd34909}, constraintType=GENERIC}.
22:27:54.254 [Test worker] DEBUG org.hibernate.validator.internal.metadata.descriptor.ConstraintDescriptorImpl - Adding composing constraint: ConstraintDescriptorImpl{annotation=javax.validation.constraints.Size, payloads=[], hasComposingConstraints=true, isReportAsSingleInvalidConstraint=false, elementType=FIELD, definedOn=DEFINED_LOCALLY, groups=[interface javax.validation.groups.Default], attributes={groups=[Ljava.lang.Class;@48082aba, min=1, message={javax.validation.constraints.Size.message}, max=2147483647, payload=[Ljava.lang.Class;@5f8b8ca2}, constraintType=GENERIC}.
22:27:54.264 [Test worker] DEBUG org.hibernate.validator.internal.engine.resolver.DefaultTraversableResolver - Cannot find javax.persistence.Persistence on classpath. Assuming non JPA 2 environment. All properties will per default be traversable.
22:27:54.265 [Test worker] DEBUG org.hibernate.validator.internal.engine.ConfigurationImpl - Setting custom ParameterNameProvider of type io.dropwizard.jersey.validation.JerseyParameterNameProvider
22:27:54.265 [Test worker] DEBUG org.hibernate.validator.internal.xml.ValidationXmlParser - Trying to load META-INF/validation.xml for XML based Validator configuration.
22:27:54.266 [Test worker] DEBUG org.hibernate.validator.internal.xml.ResourceLoaderHelper - Trying to load META-INF/validation.xml via TCCL
22:27:54.267 [Test worker] DEBUG org.hibernate.validator.internal.xml.ResourceLoaderHelper - Trying to load META-INF/validation.xml via Hibernate Validator's class loader
22:27:54.268 [Test worker] DEBUG org.hibernate.validator.internal.xml.ValidationXmlParser - No META-INF/validation.xml found. Using annotation based configuration only.
22:27:54.279 [Test worker] DEBUG org.hibernate.validator.internal.metadata.descriptor.ConstraintDescriptorImpl - Adding composing constraint: ConstraintDescriptorImpl{annotation=javax.validation.constraints.NotNull, payloads=[], hasComposingConstraints=true, isReportAsSingleInvalidConstraint=false, elementType=FIELD, definedOn=DEFINED_LOCALLY, groups=[interface javax.validation.groups.Default], attributes={message={javax.validation.constraints.NotNull.message}, groups=[Ljava.lang.Class;@76a4ba90, payload=[Ljava.lang.Class;@651472dd}, constraintType=GENERIC}.
22:27:54.283 [Test worker] DEBUG org.hibernate.validator.internal.metadata.descriptor.ConstraintDescriptorImpl - Adding composing constraint: ConstraintDescriptorImpl{annotation=javax.validation.constraints.Size, payloads=[], hasComposingConstraints=true, isReportAsSingleInvalidConstraint=false, elementType=FIELD, definedOn=DEFINED_LOCALLY, groups=[interface javax.validation.groups.Default], attributes={groups=[Ljava.lang.Class;@5e346faf, min=1, message={javax.validation.constraints.Size.message}, max=2147483647, payload=[Ljava.lang.Class;@d973ec3}, constraintType=GENERIC}.
22:27:54.297 [Test worker] DEBUG org.hibernate.validator.resourceloading.PlatformResourceBundleLocator - ValidationMessages not found.
22:27:54.301 [Test worker] DEBUG org.hibernate.validator.resourceloading.PlatformResourceBundleLocator - ContributorValidationMessages not found.
22:27:54.306 [Test worker] DEBUG org.hibernate.validator.resourceloading.PlatformResourceBundleLocator - org.hibernate.validator.ValidationMessages found.
22:27:54.320 [Test worker] DEBUG org.hibernate.validator.resourceloading.PlatformResourceBundleLocator - ValidationMessages not found.
22:27:54.321 [Test worker] DEBUG org.hibernate.validator.resourceloading.PlatformResourceBundleLocator - ContributorValidationMessages not found.
22:27:54.321 [Test worker] DEBUG org.hibernate.validator.resourceloading.PlatformResourceBundleLocator - org.hibernate.validator.ValidationMessages found.
]]></system-out>
  <system-err><![CDATA[]]></system-err>
</testsuite>
